<?xml version="1.0" encoding="UTF-8" standalone="yes"?><!DOCTYPE report PUBLIC "-//JACOCO//DTD Report 1.1//EN" "report.dtd"><report name="Practica Testing - Ingenieria de Software II"><sessioninfo id="DESKTOP-UHUDVFF-b9991f0a" start="1639952473865" dump="1639952474250"/><package name="ISO2/Testing"><class name="ISO2/Testing/Codigo" sourcefilename="Codigo.java"><method name="&lt;init&gt;" desc="()V" line="3"><counter type="INSTRUCTION" missed="0" covered="3"/><counter type="LINE" missed="0" covered="1"/><counter type="COMPLEXITY" missed="0" covered="1"/><counter type="METHOD" missed="0" covered="1"/></method><method name="adecuacionFuncional" desc="(III)I" line="7"><counter type="INSTRUCTION" missed="0" covered="146"/><counter type="BRANCH" missed="0" covered="60"/><counter type="LINE" missed="0" covered="20"/><counter type="COMPLEXITY" missed="0" covered="31"/><counter type="METHOD" missed="0" covered="1"/></method><method name="mantenibilidad" desc="(IIIII)I" line="37"><counter type="INSTRUCTION" missed="0" covered="242"/><counter type="BRANCH" missed="0" covered="100"/><counter type="LINE" missed="0" covered="32"/><counter type="COMPLEXITY" missed="0" covered="51"/><counter type="METHOD" missed="0" covered="1"/></method><method name="calidadGlobal" desc="(II)I" line="83"><counter type="INSTRUCTION" missed="0" covered="93"/><counter type="BRANCH" missed="0" covered="54"/><counter type="LINE" missed="0" covered="6"/><counter type="COMPLEXITY" missed="0" covered="28"/><counter type="METHOD" missed="0" covered="1"/></method><counter type="INSTRUCTION" missed="0" covered="484"/><counter type="BRANCH" missed="0" covered="214"/><counter type="LINE" missed="0" covered="59"/><counter type="COMPLEXITY" missed="0" covered="111"/><counter type="METHOD" missed="0" covered="4"/><counter type="CLASS" missed="0" covered="1"/></class><class name="ISO2/Testing/Main" sourcefilename="Main.java"><method name="&lt;init&gt;" desc="()V" line="3"><counter type="INSTRUCTION" missed="0" covered="3"/><counter type="LINE" missed="0" covered="1"/><counter type="COMPLEXITY" missed="0" covered="1"/><counter type="METHOD" missed="0" covered="1"/></method><method name="main" desc="([Ljava/lang/String;)V" line="6"><counter type="INSTRUCTION" missed="0" covered="46"/><counter type="LINE" missed="0" covered="14"/><counter type="COMPLEXITY" missed="0" covered="1"/><counter type="METHOD" missed="0" covered="1"/></method><counter type="INSTRUCTION" missed="0" covered="49"/><counter type="LINE" missed="0" covered="15"/><counter type="COMPLEXITY" missed="0" covered="2"/><counter type="METHOD" missed="0" covered="2"/><counter type="CLASS" missed="0" covered="1"/></class><sourcefile name="Codigo.java"><line nr="3" mi="0" ci="3" mb="0" cb="0"/><line nr="7" mi="0" ci="8" mb="0" cb="4"/><line nr="8" mi="0" ci="9" mb="0" cb="4"/><line nr="9" mi="0" ci="9" mb="0" cb="4"/><line nr="10" mi="0" ci="9" mb="0" cb="4"/><line nr="11" mi="0" ci="9" mb="0" cb="4"/><line nr="12" mi="0" ci="2" mb="0" cb="0"/><line nr="15" mi="0" ci="8" mb="0" cb="4"/><line nr="16" mi="0" ci="9" mb="0" cb="4"/><line nr="17" mi="0" ci="9" mb="0" cb="4"/><line nr="18" mi="0" ci="9" mb="0" cb="4"/><line nr="19" mi="0" ci="9" mb="0" cb="4"/><line nr="20" mi="0" ci="2" mb="0" cb="0"/><line nr="23" mi="0" ci="8" mb="0" cb="4"/><line nr="24" mi="0" ci="9" mb="0" cb="4"/><line nr="25" mi="0" ci="9" mb="0" cb="4"/><line nr="26" mi="0" ci="9" mb="0" cb="4"/><line nr="27" mi="0" ci="9" mb="0" cb="4"/><line nr="28" mi="0" ci="2" mb="0" cb="0"/><line nr="30" mi="0" ci="6" mb="0" cb="0"/><line nr="31" mi="0" ci="2" mb="0" cb="0"/><line nr="37" mi="0" ci="8" mb="0" cb="4"/><line nr="38" mi="0" ci="9" mb="0" cb="4"/><line nr="39" mi="0" ci="9" mb="0" cb="4"/><line nr="40" mi="0" ci="9" mb="0" cb="4"/><line nr="41" mi="0" ci="9" mb="0" cb="4"/><line nr="42" mi="0" ci="2" mb="0" cb="0"/><line nr="45" mi="0" ci="8" mb="0" cb="4"/><line nr="46" mi="0" ci="9" mb="0" cb="4"/><line nr="47" mi="0" ci="9" mb="0" cb="4"/><line nr="48" mi="0" ci="9" mb="0" cb="4"/><line nr="49" mi="0" ci="9" mb="0" cb="4"/><line nr="50" mi="0" ci="2" mb="0" cb="0"/><line nr="53" mi="0" ci="8" mb="0" cb="4"/><line nr="54" mi="0" ci="9" mb="0" cb="4"/><line nr="55" mi="0" ci="9" mb="0" cb="4"/><line nr="56" mi="0" ci="9" mb="0" cb="4"/><line nr="57" mi="0" ci="9" mb="0" cb="4"/><line nr="58" mi="0" ci="2" mb="0" cb="0"/><line nr="61" mi="0" ci="8" mb="0" cb="4"/><line nr="62" mi="0" ci="9" mb="0" cb="4"/><line nr="63" mi="0" ci="9" mb="0" cb="4"/><line nr="64" mi="0" ci="9" mb="0" cb="4"/><line nr="65" mi="0" ci="9" mb="0" cb="4"/><line nr="66" mi="0" ci="9" mb="0" cb="4"/><line nr="67" mi="0" ci="2" mb="0" cb="0"/><line nr="70" mi="0" ci="8" mb="0" cb="4"/><line nr="71" mi="0" ci="9" mb="0" cb="4"/><line nr="72" mi="0" ci="9" mb="0" cb="4"/><line nr="73" mi="0" ci="9" mb="0" cb="4"/><line nr="74" mi="0" ci="2" mb="0" cb="0"/><line nr="76" mi="0" ci="10" mb="0" cb="0"/><line nr="77" mi="0" ci="2" mb="0" cb="0"/><line nr="83" mi="0" ci="17" mb="0" cb="10"/><line nr="84" mi="0" ci="20" mb="0" cb="12"/><line nr="85" mi="0" ci="29" mb="0" cb="18"/><line nr="86" mi="0" ci="17" mb="0" cb="10"/><line nr="87" mi="0" ci="8" mb="0" cb="4"/><line nr="89" mi="0" ci="2" mb="0" cb="0"/><counter type="INSTRUCTION" missed="0" covered="484"/><counter type="BRANCH" missed="0" covered="214"/><counter type="LINE" missed="0" covered="59"/><counter type="COMPLEXITY" missed="0" covered="111"/><counter type="METHOD" missed="0" covered="4"/><counter type="CLASS" missed="0" covered="1"/></sourcefile><sourcefile name="Main.java"><line nr="3" mi="0" ci="3" mb="0" cb="0"/><line nr="6" mi="0" ci="2" mb="0" cb="0"/><line nr="7" mi="0" ci="2" mb="0" cb="0"/><line nr="8" mi="0" ci="2" mb="0" cb="0"/><line nr="9" mi="0" ci="2" mb="0" cb="0"/><line nr="10" mi="0" ci="2" mb="0" cb="0"/><line nr="11" mi="0" ci="2" mb="0" cb="0"/><line nr="12" mi="0" ci="2" mb="0" cb="0"/><line nr="13" mi="0" ci="2" mb="0" cb="0"/><line nr="15" mi="0" ci="5" mb="0" cb="0"/><line nr="16" mi="0" ci="7" mb="0" cb="0"/><line nr="19" mi="0" ci="4" mb="0" cb="0"/><line nr="21" mi="0" ci="3" mb="0" cb="0"/><line nr="22" mi="0" ci="10" mb="0" cb="0"/><line nr="24" mi="0" ci="1" mb="0" cb="0"/><counter type="INSTRUCTION" missed="0" covered="49"/><counter type="LINE" missed="0" covered="15"/><counter type="COMPLEXITY" missed="0" covered="2"/><counter type="METHOD" missed="0" covered="2"/><counter type="CLASS" missed="0" covered="1"/></sourcefile><counter type="INSTRUCTION" missed="0" covered="533"/><counter type="BRANCH" missed="0" covered="214"/><counter type="LINE" missed="0" covered="74"/><counter type="COMPLEXITY" missed="0" covered="113"/><counter type="METHOD" missed="0" covered="6"/><counter type="CLASS" missed="0" covered="2"/></package><counter type="INSTRUCTION" missed="0" covered="533"/><counter type="BRANCH" missed="0" covered="214"/><counter type="LINE" missed="0" covered="74"/><counter type="COMPLEXITY" missed="0" covered="113"/><counter type="METHOD" missed="0" covered="6"/><counter type="CLASS" missed="0" covered="2"/></report>