<?xml version="1.0" encoding="UTF-8" ?>
<testsuite tests="34" failures="0" name="ISO2.Testing.CodigoTest" time="0.014" errors="0" skipped="0">
  <properties>
[...]
</properties>
  <testcase classname="ISO2.Testing.CodigoTest" name="testMantenibilidad2" time="0.005"/>
  <testcase classname="ISO2.Testing.CodigoTest" name="testMantenibilidad3" time="0"/>
  <testcase classname="ISO2.Testing.CodigoTest" name="testMantenibilidad4" time="0"/>
  <testcase classname="ISO2.Testing.CodigoTest" name="testMantenibilidad5" time="0"/>
  <testcase classname="ISO2.Testing.CodigoTest" name="testMantenibilidad6" time="0"/>
  <testcase classname="ISO2.Testing.CodigoTest" name="testMantenibilidad7" time="0.001"/>
  <testcase classname="ISO2.Testing.CodigoTest" name="testMantenibilidad8" time="0"/>
  <testcase classname="ISO2.Testing.CodigoTest" name="testMantenibilidad9" time="0"/>
  <testcase classname="ISO2.Testing.CodigoTest" name="testAdecuacionFuncional2" time="0"/>
  <testcase classname="ISO2.Testing.CodigoTest" name="testAdecuacionFuncional3" time="0"/>
  <testcase classname="ISO2.Testing.CodigoTest" name="testAdecuacionFuncional4" time="0"/>
  <testcase classname="ISO2.Testing.CodigoTest" name="testAdecuacionFuncional5" time="0"/>
  <testcase classname="ISO2.Testing.CodigoTest" name="testAdecuacionFuncional6" time="0.001"/>
  <testcase classname="ISO2.Testing.CodigoTest" name="testAdecuacionFuncional7" time="0"/>
  <testcase classname="ISO2.Testing.CodigoTest" name="testCalidadGlobal10" time="0"/>
  <testcase classname="ISO2.Testing.CodigoTest" name="testCalidadGlobal11" time="0.001"/>
  <testcase classname="ISO2.Testing.CodigoTest" name="testCalidadGlobal12" time="0"/>
  <testcase classname="ISO2.Testing.CodigoTest" name="testCalidadGlobal13" time="0"/>
  <testcase classname="ISO2.Testing.CodigoTest" name="testCalidadGlobal14" time="0.001"/>
  <testcase classname="ISO2.Testing.CodigoTest" name="testCalidadGlobal15" time="0"/>
  <testcase classname="ISO2.Testing.CodigoTest" name="testCalidadGlobal16" time="0"/>
  <testcase classname="ISO2.Testing.CodigoTest" name="testCalidadGlobal17" time="0"/>
  <testcase classname="ISO2.Testing.CodigoTest" name="testMantenibilidad" time="0.001"/>
  <testcase classname="ISO2.Testing.CodigoTest" name="testMain" time="0.002"/>
  <testcase classname="ISO2.Testing.CodigoTest" name="testCalidadGlobal" time="0.001"/>
  <testcase classname="ISO2.Testing.CodigoTest" name="testCalidadGlobal2" time="0"/>
  <testcase classname="ISO2.Testing.CodigoTest" name="testCalidadGlobal3" time="0"/>
  <testcase classname="ISO2.Testing.CodigoTest" name="testCalidadGlobal4" time="0"/>
  <testcase classname="ISO2.Testing.CodigoTest" name="testCalidadGlobal5" time="0"/>
  <testcase classname="ISO2.Testing.CodigoTest" name="testCalidadGlobal6" time="0.001"/>
  <testcase classname="ISO2.Testing.CodigoTest" name="testCalidadGlobal7" time="0"/>
  <testcase classname="ISO2.Testing.CodigoTest" name="testCalidadGlobal8" time="0"/>
  <testcase classname="ISO2.Testing.CodigoTest" name="testCalidadGlobal9" time="0"/>
  <testcase classname="ISO2.Testing.CodigoTest" name="testAdecuacionFuncional" time="0"/>
</testsuite>